{
  "RSpec": {
    "coverage": {
      "/home/ndminh92/COSC480/cosc480-hw3/app/helpers/application_helper.rb": [
        1,
        null
      ],
      "/home/ndminh92/COSC480/cosc480-hw3/app/helpers/products_helper.rb": [
        1,
        1,
        0,
        null,
        null
      ],
      "/home/ndminh92/COSC480/cosc480-hw3/app/controllers/products_controller.rb": [
        1,
        1,
        12,
        0,
        0,
        null,
        0,
        null,
        0,
        0,
        null,
        0,
        null,
        null,
        null,
        12,
        null,
        12,
        null,
        0,
        0,
        null,
        null,
        null,
        null,
        12,
        null,
        null,
        null,
        1,
        4,
        null,
        null,
        1,
        null,
        null,
        1,
        0,
        0,
        0,
        0,
        null,
        0,
        0,
        null,
        null,
        null,
        1,
        0,
        null,
        null,
        1,
        0,
        0,
        0,
        0,
        null,
        null,
        1,
        0,
        0,
        0,
        0,
        null,
        null,
        1,
        1,
        0,
        null,
        null,
        null,
        null,
        null
      ],
      "/home/ndminh92/COSC480/cosc480-hw3/app/controllers/application_controller.rb": [
        1,
        null,
        null,
        1,
        null
      ],
      "/home/ndminh92/COSC480/cosc480-hw3/app/models/product.rb": [
        1,
        1,
        1,
        null,
        1,
        40,
        8,
        32,
        12,
        null,
        20,
        12,
        null,
        null,
        8,
        null,
        null,
        null,
        null,
        1,
        33,
        11,
        22,
        11,
        null,
        null,
        11,
        null,
        null,
        null,
        1,
        14,
        1,
        null,
        14,
        null,
        null,
        1,
        null,
        12,
        12,
        12,
        12,
        0,
        null,
        null,
        null,
        12,
        0,
        0,
        0,
        null,
        null,
        null,
        12,
        null,
        null,
        null,
        12,
        null,
        null,
        null,
        null
      ]
    },
    "timestamp": 1425866839
  },
  "Cucumber Features": {
    "coverage": {
      "/home/ndminh92/COSC480/cosc480-hw3/app/models/product.rb": [
        1,
        1,
        1,
        null,
        1,
        39,
        12,
        27,
        12,
        null,
        15,
        0,
        null,
        null,
        15,
        null,
        null,
        null,
        null,
        1,
        6,
        0,
        6,
        2,
        null,
        null,
        4,
        null,
        null,
        null,
        1,
        17,
        0,
        null,
        17,
        null,
        null,
        1,
        null,
        17,
        17,
        17,
        17,
        5,
        null,
        null,
        null,
        17,
        2,
        6,
        4,
        null,
        null,
        null,
        15,
        null,
        null,
        null,
        17,
        null,
        null,
        null,
        null
      ],
      "/home/ndminh92/COSC480/cosc480-hw3/app/controllers/products_controller.rb": [
        1,
        1,
        17,
        3,
        2,
        null,
        1,
        null,
        3,
        1,
        null,
        2,
        null,
        null,
        null,
        17,
        null,
        17,
        null,
        3,
        3,
        null,
        null,
        null,
        null,
        17,
        null,
        null,
        null,
        1,
        2,
        null,
        null,
        1,
        null,
        null,
        1,
        2,
        2,
        2,
        2,
        null,
        0,
        0,
        null,
        null,
        null,
        1,
        1,
        null,
        null,
        1,
        1,
        1,
        1,
        1,
        null,
        null,
        1,
        0,
        0,
        0,
        0,
        null,
        null,
        1,
        1,
        3,
        null,
        null,
        null,
        null,
        null
      ],
      "/home/ndminh92/COSC480/cosc480-hw3/app/controllers/application_controller.rb": [
        1,
        null,
        null,
        1,
        null
      ],
      "/home/ndminh92/COSC480/cosc480-hw3/app/helpers/application_helper.rb": [
        1,
        null
      ],
      "/home/ndminh92/COSC480/cosc480-hw3/app/helpers/products_helper.rb": [
        1,
        1,
        2,
        null,
        null
      ]
    },
    "timestamp": 1425866792
  }
}
