{
  "RSpec": {
    "coverage": {
      "/home/ndminh92/COSC480/cosc480-hw3/app/helpers/application_helper.rb": [
        1,
        null
      ],
      "/home/ndminh92/COSC480/cosc480-hw3/app/helpers/products_helper.rb": [
        1,
        1,
        0,
        null,
        null
      ],
      "/home/ndminh92/COSC480/cosc480-hw3/app/controllers/products_controller.rb": [
        1,
        1,
        12,
        0,
        0,
        null,
        0,
        null,
        0,
        0,
        null,
        0,
        null,
        null,
        null,
        12,
        null,
        12,
        null,
        0,
        0,
        null,
        null,
        null,
        null,
        12,
        null,
        null,
        null,
        null,
        null,
        null,
        null,
        null,
        null,
        null,
        1,
        4,
        null,
        null,
        1,
        null,
        null,
        1,
        0,
        0,
        0,
        0,
        null,
        0,
        0,
        null,
        null,
        null,
        1,
        0,
        null,
        null,
        1,
        0,
        0,
        0,
        0,
        null,
        null,
        1,
        0,
        0,
        0,
        0,
        null,
        null,
        1,
        1,
        0,
        null,
        null,
        null,
        null,
        null
      ],
      "/home/ndminh92/COSC480/cosc480-hw3/app/controllers/application_controller.rb": [
        1,
        null,
        null,
        1,
        null
      ],
      "/home/ndminh92/COSC480/cosc480-hw3/app/models/product.rb": [
        1,
        1,
        1,
        null,
        1,
        40,
        8,
        32,
        12,
        null,
        20,
        12,
        null,
        null,
        8,
        null,
        null,
        null,
        null,
        1,
        33,
        11,
        22,
        11,
        null,
        null,
        11,
        null,
        null,
        null,
        1,
        14,
        9,
        null,
        14,
        null,
        null,
        1,
        null,
        12,
        11,
        11,
        0,
        null,
        null,
        null,
        11,
        0,
        0,
        0,
        null,
        null,
        null,
        11,
        null,
        null,
        null,
        11,
        null,
        null,
        null,
        null
      ]
    },
    "timestamp": 1425836146
  },
  "Cucumber Features": {
    "coverage": {
    },
    "timestamp": 1425836163
  }
}
